2025-08-11 05:16:47 +0000  Initial pipeline context: <IDEDistributionProcessingPipelineContext: 0x38a1691a0; archive(resolved)="<IDEArchive: 0x600016d68bd0>", distributionTask(resolved)="2", distributionDestination(resolved)="1", distributionMethod(resolved)="<IDEDistributionMethodiOSAdHoc: 0x600004709180>", team(resolved)="<IDEProvisioningDisambiguatableBasicTeam: 0x600005bce940; teamID='BUQ8UP3ZV9', teamName='Homeplus', teamType='Company', username='euna.song@homeplus.co.kr', isFreeProvisioningTeam='0'>">
	Chain (15, self inclusive):
	<IDEDistributionProcessingPipelineContext: 0x38a1691a0; archive = "<IDEArchive: 0x600016d68bd0>", distributionMethod="<IDEDistributionMethodiOSAdHoc: 0x600004709180>", team="<IDEProvisioningDisambiguatableBasicTeam: 0x600005bce940; teamID='BUQ8UP3ZV9', teamName='Homeplus', teamType='Company', username='euna.song@homeplus.co.kr', isFreeProvisioningTeam='0'>">
	<IDEDistributionProcessingPipelineContext: 0x12273ca60; archive = "<IDEArchive: 0x600016d68bd0>", distributionMethod="<IDEDistributionMethodiOSAdHoc: 0x600004709180>", team="<IDEProvisioningDisambiguatableBasicTeam: 0x600005bce940; teamID='BUQ8UP3ZV9', teamName='Homeplus', teamType='Company', username='euna.song@homeplus.co.kr', isFreeProvisioningTeam='0'>">
	<IDEDistributionContext: 0x12302b570; archive = "<IDEArchive: 0x600016d68bd0>", distributionMethod="<IDEDistributionMethodiOSAdHoc: 0x600004709180>", team="<IDEProvisioningDisambiguatableBasicTeam: 0x600005bce940; teamID='BUQ8UP3ZV9', teamName='Homeplus', teamType='Company', username='euna.song@homeplus.co.kr', isFreeProvisioningTeam='0'>">
	<IDEDistributionContext: 0x112652b50; archive = "<IDEArchive: 0x600016d68bd0>", distributionMethod="<IDEDistributionMethodiOSAdHoc: 0x600004709180>", team="<IDEProvisioningDisambiguatableBasicTeam: 0x600005bce940; teamID='BUQ8UP3ZV9', teamName='Homeplus', teamType='Company', username='euna.song@homeplus.co.kr', isFreeProvisioningTeam='0'>">
	<IDEDistributionContext: 0x112652940; archive = "<IDEArchive: 0x600016d68bd0>", distributionMethod="<IDEDistributionMethodiOSAdHoc: 0x600004709180>", team="<IDEProvisioningDisambiguatableBasicTeam: 0x600005bce940; teamID='BUQ8UP3ZV9', teamName='Homeplus', teamType='Company', username='euna.song@homeplus.co.kr', isFreeProvisioningTeam='0'>">
	<IDEDistributionContext: 0x11266ac70; archive = "<IDEArchive: 0x600016d68bd0>", distributionMethod="<IDEDistributionMethodiOSAdHoc: 0x600004709180>", team="<IDEProvisioningDisambiguatableBasicTeam: 0x600005bce940; teamID='BUQ8UP3ZV9', teamName='Homeplus', teamType='Company', username='euna.song@homeplus.co.kr', isFreeProvisioningTeam='0'>">
	<IDEDistributionContext: 0x122763c80; archive = "<IDEArchive: 0x600016d68bd0>", distributionMethod="<IDEDistributionMethodiOSAdHoc: 0x600004709180>", team="<IDEProvisioningDisambiguatableBasicTeam: 0x600005bce940; teamID='BUQ8UP3ZV9', teamName='Homeplus', teamType='Company', username='euna.song@homeplus.co.kr', isFreeProvisioningTeam='0'>">
	<IDEDistributionContext: 0x12275f900; archive = "<IDEArchive: 0x600016d68bd0>", distributionMethod="<IDEDistributionMethodiOSAdHoc: 0x600004709180>", team="<IDEProvisioningDisambiguatableBasicTeam: 0x600005bce940; teamID='BUQ8UP3ZV9', teamName='Homeplus', teamType='Company', username='euna.song@homeplus.co.kr', isFreeProvisioningTeam='0'>">
	<IDEDistributionContext: 0x122765850; archive = "<IDEArchive: 0x600016d68bd0>", distributionMethod="<IDEDistributionMethodiOSAdHoc: 0x600004709180>", team="<IDEProvisioningDisambiguatableBasicTeam: 0x600005bce940; teamID='BUQ8UP3ZV9', teamName='Homeplus', teamType='Company', username='euna.song@homeplus.co.kr', isFreeProvisioningTeam='0'>">
	<IDEDistributionContext: 0x12273c850; archive = "<IDEArchive: 0x600016d68bd0>", distributionMethod="<IDEDistributionMethodiOSAdHoc: 0x600004709180>", team="(null)">
	<IDEDistributionContext: 0x12262ab70; archive = "<IDEArchive: 0x600016d68bd0>", distributionMethod="<IDEDistributionMethodiOSAdHoc: 0x600004709180>", team="(null)">
	<IDEDistributionContext: 0x122626460; archive = "<IDEArchive: 0x600016d68bd0>", distributionMethod="<IDEDistributionMethodiOSAdHoc: 0x600004709180>", team="(null)">
	<IDEDistributionContext: 0x122621340; archive = "<IDEArchive: 0x600016d68bd0>", distributionMethod="<IDEDistributionMethodiOSAdHoc: 0x600004709180>", team="(null)">
	<IDEDistributionContext: 0x112652390; archive = "<IDEArchive: 0x600016d68bd0>", distributionMethod="(null)", team="(null)">
	<IDEDistributionContext: 0x11266a1e0; archive = "<IDEArchive: 0x600016d68bd0>", distributionMethod="(null)", team="(null)">
</IDEDistributionProcessingPipelineContext: 0x38a1691a0>
2025-08-11 05:16:47 +0000  Processing step: IDEDistributionCreateDestRootStep
2025-08-11 05:16:47 +0000  Processing step: IDEDistributionCopyItemStep
2025-08-11 05:16:47 +0000  Running /usr/bin/ditto '-V' '/Users/songeuna/Library/Developer/Xcode/Archives/2025-08-11/CheckAttend 8-11-25, 2.15 PM.xcarchive/Products/Applications/CheckAttend.app' '/var/folders/t1/yt8x3g256mg03r6g9038sjcr0000gn/T/XcodeDistPipeline.~~~JmeNkz/Root/Payload/CheckAttend.app'
2025-08-11 05:16:47 +0000  >>> Copying /Users/songeuna/Library/Developer/Xcode/Archives/2025-08-11/CheckAttend 8-11-25, 2.15 PM.xcarchive/Products/Applications/CheckAttend.app 
2025-08-11 05:16:47 +0000  copying file ./_CodeSignature/CodeResources ... 
2025-08-11 05:16:47 +0000  5293 bytes for ./_CodeSignature/CodeResources
2025-08-11 05:16:47 +0000  copying file ./manifest.plist ... 
2025-08-11 05:16:47 +0000  282 bytes for ./manifest.plist
2025-08-11 05:16:47 +0000  copying file ./CheckAttend ... 
2025-08-11 05:16:47 +0000  213408 bytes for ./CheckAttend
2025-08-11 05:16:47 +0000  copying file ./Frameworks/RealmSwift.framework/_CodeSignature/CodeResources ... 
2025-08-11 05:16:47 +0000  2348 bytes for ./Frameworks/RealmSwift.framework/_CodeSignature/CodeResources
2025-08-11 05:16:47 +0000  copying file ./Frameworks/RealmSwift.framework/realm_swift_privacy.bundle/PrivacyInfo.xcprivacy ... 
2025-08-11 05:16:47 +0000  373 bytes for ./Frameworks/RealmSwift.framework/realm_swift_privacy.bundle/PrivacyInfo.xcprivacy
2025-08-11 05:16:47 +0000  copying file ./Frameworks/RealmSwift.framework/realm_swift_privacy.bundle/Info.plist ... 
2025-08-11 05:16:47 +0000  778 bytes for ./Frameworks/RealmSwift.framework/realm_swift_privacy.bundle/Info.plist
2025-08-11 05:16:47 +0000  copying file ./Frameworks/RealmSwift.framework/RealmSwift ... 
2025-08-11 05:16:47 +0000  2786928 bytes for ./Frameworks/RealmSwift.framework/RealmSwift
2025-08-11 05:16:47 +0000  copying file ./Frameworks/RealmSwift.framework/Info.plist ... 
2025-08-11 05:16:47 +0000  783 bytes for ./Frameworks/RealmSwift.framework/Info.plist
2025-08-11 05:16:47 +0000  copying file ./Frameworks/Realm.framework/_CodeSignature/CodeResources ... 
2025-08-11 05:16:47 +0000  2344 bytes for ./Frameworks/Realm.framework/_CodeSignature/CodeResources
2025-08-11 05:16:47 +0000  copying file ./Frameworks/Realm.framework/realm_objc_privacy.bundle/PrivacyInfo.xcprivacy ... 
2025-08-11 05:16:47 +0000  812 bytes for ./Frameworks/Realm.framework/realm_objc_privacy.bundle/PrivacyInfo.xcprivacy
2025-08-11 05:16:47 +0000  copying file ./Frameworks/Realm.framework/realm_objc_privacy.bundle/Info.plist ... 
2025-08-11 05:16:47 +0000  776 bytes for ./Frameworks/Realm.framework/realm_objc_privacy.bundle/Info.plist
2025-08-11 05:16:47 +0000  copying file ./Frameworks/Realm.framework/Info.plist ... 
2025-08-11 05:16:47 +0000  773 bytes for ./Frameworks/Realm.framework/Info.plist
2025-08-11 05:16:47 +0000  copying file ./Frameworks/Realm.framework/Realm ... 
2025-08-11 05:16:47 +0000  9163632 bytes for ./Frameworks/Realm.framework/Realm
2025-08-11 05:16:47 +0000  copying file ./embedded.mobileprovision ... 
2025-08-11 05:16:47 +0000  12533 bytes for ./embedded.mobileprovision
2025-08-11 05:16:47 +0000  copying file ./Info.plist ... 
2025-08-11 05:16:47 +0000  1329 bytes for ./Info.plist
2025-08-11 05:16:47 +0000  copying file ./PkgInfo ... 
2025-08-11 05:16:47 +0000  8 bytes for ./PkgInfo
2025-08-11 05:16:47 +0000  /usr/bin/ditto exited with 0
2025-08-11 05:16:47 +0000  Processing step: IDEDistributionEmbedProfileStep
2025-08-11 05:16:47 +0000  Skipping profile for item: <IDEDistributionItem: 0x600022e9ad60; bundleID='org.cocoapods.Realm', path='<DVTFilePath:0x600022e761c0:'/Users/songeuna/Library/Developer/Xcode/Archives/2025-08-11/CheckAttend 8-11-25, 2.15 PM.xcarchive/Products/Applications/CheckAttend.app/Frameworks/Realm.framework'>', codeSigningInfo='<_DVTCodeSigningInformation_Path: 0x600022266e40; isSigned='1', isAdHocSigned='0', signingCertificate='<DVTSigningCertificate: 0x60000fee1200; name='Apple Distribution: Homeplus (BUQ8UP3ZV9)', hash='9D5137A4D7E983B82C9963D848F41C12A0202F01', serialNumber='965DC6E80ED112AEC2E8D39D7FD129F', certificateKinds='(
    "1.2.840.113635.100.6.1.7",
    "1.2.840.113635.100.6.1.4"
), issueDate='2025-03-31 04:12:47 +0000''>', entitlements='(null)', teamID='BUQ8UP3ZV9', identifier='org.cocoapods.Realm', executablePath='<DVTFilePath:0x60001e03c360:'/Users/songeuna/Library/Developer/Xcode/Archives/2025-08-11/CheckAttend 8-11-25, 2.15 PM.xcarchive/Products/Applications/CheckAttend.app/Frameworks/Realm.framework/Realm'>', hardenedRuntime='0'>'>
2025-08-11 05:16:47 +0000  Skipping profile for item: <IDEDistributionItem: 0x600022e8d680; bundleID='org.cocoapods.RealmSwift', path='<DVTFilePath:0x60001afd2b50:'/Users/songeuna/Library/Developer/Xcode/Archives/2025-08-11/CheckAttend 8-11-25, 2.15 PM.xcarchive/Products/Applications/CheckAttend.app/Frameworks/RealmSwift.framework'>', codeSigningInfo='<_DVTCodeSigningInformation_Path: 0x60002229fcf0; isSigned='1', isAdHocSigned='0', signingCertificate='<DVTSigningCertificate: 0x60000fee1200; name='Apple Distribution: Homeplus (BUQ8UP3ZV9)', hash='9D5137A4D7E983B82C9963D848F41C12A0202F01', serialNumber='965DC6E80ED112AEC2E8D39D7FD129F', certificateKinds='(
    "1.2.840.113635.100.6.1.7",
    "1.2.840.113635.100.6.1.4"
), issueDate='2025-03-31 04:12:47 +0000''>', entitlements='(null)', teamID='BUQ8UP3ZV9', identifier='org.cocoapods.RealmSwift', executablePath='<DVTFilePath:0x60001e1d0960:'/Users/songeuna/Library/Developer/Xcode/Archives/2025-08-11/CheckAttend 8-11-25, 2.15 PM.xcarchive/Products/Applications/CheckAttend.app/Frameworks/RealmSwift.framework/RealmSwift'>', hardenedRuntime='0'>'>
2025-08-11 05:16:47 +0000  Processing step: IDEDistributionInfoPlistStep
2025-08-11 05:16:47 +0000  Skipping step: IDEDistributionInfoPlistStep because it said so
2025-08-11 05:16:47 +0000  Skipping step: IDEDistributionInfoPlistStep because it said so
2025-08-11 05:16:47 +0000  Skipping step: IDEDistributionInfoPlistStep because it said so
2025-08-11 05:16:47 +0000  Processing step: IDEDistributionAppThinningPlistStep
2025-08-11 05:16:47 +0000  Skipping step: IDEDistributionAppThinningPlistStep because it said so
2025-08-11 05:16:47 +0000  Processing step: IDEDistributionSymbolsStep
2025-08-11 05:16:47 +0000  Skipping step: IDEDistributionSymbolsStep because it said so
2025-08-11 05:16:47 +0000  Processing step: IDEDistributionAppThinningStep
2025-08-11 05:16:47 +0000  Skipping step: IDEDistributionAppThinningStep because it said so
2025-08-11 05:16:47 +0000  Processing step: IDEDistributionArchThinningStep
2025-08-11 05:16:47 +0000  Item /Users/songeuna/Library/Developer/Xcode/Archives/2025-08-11/CheckAttend 8-11-25, 2.15 PM.xcarchive/Products/Applications/CheckAttend.app/Frameworks/Realm.framework doesn't have the entitlement com.apple.developer.web-browser-engine.host enabled, returning ["arm64e"]
2025-08-11 05:16:47 +0000  Archs to thin for item /Users/songeuna/Library/Developer/Xcode/Archives/2025-08-11/CheckAttend 8-11-25, 2.15 PM.xcarchive/Products/Applications/CheckAttend.app/Frameworks/Realm.framework are ["arm64e"]
2025-08-11 05:16:47 +0000  Running /Applications/Xcode.app/Contents/Developer/Toolchains/XcodeDefault.xctoolchain/usr/bin/lipo '/var/folders/t1/yt8x3g256mg03r6g9038sjcr0000gn/T/XcodeDistPipeline.~~~JmeNkz/Root/Payload/CheckAttend.app/Frameworks/Realm.framework/Realm' '-verify_arch' 'arm64e'
2025-08-11 05:16:47 +0000  /Applications/Xcode.app/Contents/Developer/Toolchains/XcodeDefault.xctoolchain/usr/bin/lipo exited with 1
2025-08-11 05:16:47 +0000  Skipping architecture thinning for item "Realm" because arch "arm64e" wasn't found
2025-08-11 05:16:47 +0000  Item /Users/songeuna/Library/Developer/Xcode/Archives/2025-08-11/CheckAttend 8-11-25, 2.15 PM.xcarchive/Products/Applications/CheckAttend.app/Frameworks/RealmSwift.framework doesn't have the entitlement com.apple.developer.web-browser-engine.host enabled, returning ["arm64e"]
2025-08-11 05:16:47 +0000  Archs to thin for item /Users/songeuna/Library/Developer/Xcode/Archives/2025-08-11/CheckAttend 8-11-25, 2.15 PM.xcarchive/Products/Applications/CheckAttend.app/Frameworks/RealmSwift.framework are ["arm64e"]
2025-08-11 05:16:47 +0000  Running /Applications/Xcode.app/Contents/Developer/Toolchains/XcodeDefault.xctoolchain/usr/bin/lipo '/var/folders/t1/yt8x3g256mg03r6g9038sjcr0000gn/T/XcodeDistPipeline.~~~JmeNkz/Root/Payload/CheckAttend.app/Frameworks/RealmSwift.framework/RealmSwift' '-verify_arch' 'arm64e'
2025-08-11 05:16:47 +0000  /Applications/Xcode.app/Contents/Developer/Toolchains/XcodeDefault.xctoolchain/usr/bin/lipo exited with 1
2025-08-11 05:16:47 +0000  Skipping architecture thinning for item "RealmSwift" because arch "arm64e" wasn't found
2025-08-11 05:16:47 +0000  Item /Users/songeuna/Library/Developer/Xcode/Archives/2025-08-11/CheckAttend 8-11-25, 2.15 PM.xcarchive/Products/Applications/CheckAttend.app doesn't have the entitlement com.apple.developer.web-browser-engine.host enabled, returning ["arm64e"]
2025-08-11 05:16:47 +0000  Archs to thin for item /Users/songeuna/Library/Developer/Xcode/Archives/2025-08-11/CheckAttend 8-11-25, 2.15 PM.xcarchive/Products/Applications/CheckAttend.app are ["arm64e"]
2025-08-11 05:16:47 +0000  Running /Applications/Xcode.app/Contents/Developer/Toolchains/XcodeDefault.xctoolchain/usr/bin/lipo '/var/folders/t1/yt8x3g256mg03r6g9038sjcr0000gn/T/XcodeDistPipeline.~~~JmeNkz/Root/Payload/CheckAttend.app/CheckAttend' '-verify_arch' 'arm64e'
2025-08-11 05:16:47 +0000  /Applications/Xcode.app/Contents/Developer/Toolchains/XcodeDefault.xctoolchain/usr/bin/lipo exited with 1
2025-08-11 05:16:47 +0000  Skipping architecture thinning for item "CheckAttend" because arch "arm64e" wasn't found
2025-08-11 05:16:47 +0000  Processing step: IDEDistributionODRStep
2025-08-11 05:16:47 +0000  Processing step: IDEDistributionStripXattrsStep
2025-08-11 05:16:47 +0000  Skipping stripping extended attributes because the codesign step will strip them.
2025-08-11 05:16:47 +0000  Skipping stripping extended attributes because the codesign step will strip them.
2025-08-11 05:16:47 +0000  Skipping stripping extended attributes because the codesign step will strip them.
2025-08-11 05:16:47 +0000  Processing step: IDEDistributionCodesignStep
2025-08-11 05:16:47 +0000  Entitlements for <IDEDistributionItem: 0x600022e9ad60; bundleID='org.cocoapods.Realm', path='<DVTFilePath:0x600022e761c0:'/Users/songeuna/Library/Developer/Xcode/Archives/2025-08-11/CheckAttend 8-11-25, 2.15 PM.xcarchive/Products/Applications/CheckAttend.app/Frameworks/Realm.framework'>', codeSigningInfo='<_DVTCodeSigningInformation_Path: 0x600022266e40; isSigned='1', isAdHocSigned='0', signingCertificate='<DVTSigningCertificate: 0x60000f12ae80; name='Apple Distribution: Homeplus (BUQ8UP3ZV9)', hash='9D5137A4D7E983B82C9963D848F41C12A0202F01', serialNumber='965DC6E80ED112AEC2E8D39D7FD129F', certificateKinds='(
    "1.2.840.113635.100.6.1.7",
    "1.2.840.113635.100.6.1.4"
), issueDate='2025-03-31 04:12:47 +0000''>', entitlements='(null)', teamID='BUQ8UP3ZV9', identifier='org.cocoapods.Realm', executablePath='<DVTFilePath:0x60001e03c360:'/Users/songeuna/Library/Developer/Xcode/Archives/2025-08-11/CheckAttend 8-11-25, 2.15 PM.xcarchive/Products/Applications/CheckAttend.app/Frameworks/Realm.framework/Realm'>', hardenedRuntime='0'>'>: {
}
2025-08-11 05:16:47 +0000  Associated App Clip Identifiers Filter: Skipping because "com.apple.developer.associated-appclip-app-identifiers" is not present
2025-08-11 05:16:47 +0000  Entitlements for <IDEDistributionItem: 0x600022e9ad60; bundleID='org.cocoapods.Realm', path='<DVTFilePath:0x600022e761c0:'/Users/songeuna/Library/Developer/Xcode/Archives/2025-08-11/CheckAttend 8-11-25, 2.15 PM.xcarchive/Products/Applications/CheckAttend.app/Frameworks/Realm.framework'>', codeSigningInfo='<_DVTCodeSigningInformation_Path: 0x600022266e40; isSigned='1', isAdHocSigned='0', signingCertificate='<DVTSigningCertificate: 0x60000f128300; name='Apple Distribution: Homeplus (BUQ8UP3ZV9)', hash='9D5137A4D7E983B82C9963D848F41C12A0202F01', serialNumber='965DC6E80ED112AEC2E8D39D7FD129F', certificateKinds='(
    "1.2.840.113635.100.6.1.7",
    "1.2.840.113635.100.6.1.4"
), issueDate='2025-03-31 04:12:47 +0000''>', entitlements='(null)', teamID='BUQ8UP3ZV9', identifier='org.cocoapods.Realm', executablePath='<DVTFilePath:0x60001e03c360:'/Users/songeuna/Library/Developer/Xcode/Archives/2025-08-11/CheckAttend 8-11-25, 2.15 PM.xcarchive/Products/Applications/CheckAttend.app/Frameworks/Realm.framework/Realm'>', hardenedRuntime='0'>'> are: {
}
2025-08-11 05:16:47 +0000  Writing entitlements for <IDEDistributionItem: 0x600022e9ad60; bundleID='org.cocoapods.Realm', path='<DVTFilePath:0x600022e761c0:'/Users/songeuna/Library/Developer/Xcode/Archives/2025-08-11/CheckAttend 8-11-25, 2.15 PM.xcarchive/Products/Applications/CheckAttend.app/Frameworks/Realm.framework'>', codeSigningInfo='<_DVTCodeSigningInformation_Path: 0x600022266e40; isSigned='1', isAdHocSigned='0', signingCertificate='<DVTSigningCertificate: 0x60000f12bd80; name='Apple Distribution: Homeplus (BUQ8UP3ZV9)', hash='9D5137A4D7E983B82C9963D848F41C12A0202F01', serialNumber='965DC6E80ED112AEC2E8D39D7FD129F', certificateKinds='(
    "1.2.840.113635.100.6.1.7",
    "1.2.840.113635.100.6.1.4"
), issueDate='2025-03-31 04:12:47 +0000''>', entitlements='(null)', teamID='BUQ8UP3ZV9', identifier='org.cocoapods.Realm', executablePath='<DVTFilePath:0x60001e03c360:'/Users/songeuna/Library/Developer/Xcode/Archives/2025-08-11/CheckAttend 8-11-25, 2.15 PM.xcarchive/Products/Applications/CheckAttend.app/Frameworks/Realm.framework/Realm'>', hardenedRuntime='0'>'> to: /var/folders/t1/yt8x3g256mg03r6g9038sjcr0000gn/T/XcodeDistPipeline.~~~JmeNkz/entitlements~~~8dFOje
2025-08-11 05:16:47 +0000  invoking codesign: <NSConcreteTask: 0x6000223b3160; launchPath='/usr/bin/codesign', arguments='(
    "-f",
    "-s",
    9D5137A4D7E983B82C9963D848F41C12A0202F01,
    "--entitlements",
    "/var/folders/t1/yt8x3g256mg03r6g9038sjcr0000gn/T/XcodeDistPipeline.~~~JmeNkz/entitlements~~~8dFOje",
    "--preserve-metadata=identifier,flags,runtime",
    "--generate-entitlement-der",
    "--strip-disallowed-xattrs",
    "-vvv",
    "/var/folders/t1/yt8x3g256mg03r6g9038sjcr0000gn/T/XcodeDistPipeline.~~~JmeNkz/Root/Payload/CheckAttend.app/Frameworks/Realm.framework"
)'>
2025-08-11 05:16:47 +0000  codesign output: /var/folders/t1/yt8x3g256mg03r6g9038sjcr0000gn/T/XcodeDistPipeline.~~~JmeNkz/Root/Payload/CheckAttend.app/Frameworks/Realm.framework: replacing existing signature
/var/folders/t1/yt8x3g256mg03r6g9038sjcr0000gn/T/XcodeDistPipeline.~~~JmeNkz/Root/Payload/CheckAttend.app/Frameworks/Realm.framework: signed bundle with Mach-O thin (arm64) [org.cocoapods.Realm]
2025-08-11 05:16:47 +0000  Entitlements for <IDEDistributionItem: 0x600022e8d680; bundleID='org.cocoapods.RealmSwift', path='<DVTFilePath:0x60001afd2b50:'/Users/songeuna/Library/Developer/Xcode/Archives/2025-08-11/CheckAttend 8-11-25, 2.15 PM.xcarchive/Products/Applications/CheckAttend.app/Frameworks/RealmSwift.framework'>', codeSigningInfo='<_DVTCodeSigningInformation_Path: 0x60002229fcf0; isSigned='1', isAdHocSigned='0', signingCertificate='<DVTSigningCertificate: 0x60000f12cfc0; name='Apple Distribution: Homeplus (BUQ8UP3ZV9)', hash='9D5137A4D7E983B82C9963D848F41C12A0202F01', serialNumber='965DC6E80ED112AEC2E8D39D7FD129F', certificateKinds='(
    "1.2.840.113635.100.6.1.7",
    "1.2.840.113635.100.6.1.4"
), issueDate='2025-03-31 04:12:47 +0000''>', entitlements='(null)', teamID='BUQ8UP3ZV9', identifier='org.cocoapods.RealmSwift', executablePath='<DVTFilePath:0x60001e1d0960:'/Users/songeuna/Library/Developer/Xcode/Archives/2025-08-11/CheckAttend 8-11-25, 2.15 PM.xcarchive/Products/Applications/CheckAttend.app/Frameworks/RealmSwift.framework/RealmSwift'>', hardenedRuntime='0'>'>: {
}
2025-08-11 05:16:47 +0000  Associated App Clip Identifiers Filter: Skipping because "com.apple.developer.associated-appclip-app-identifiers" is not present
2025-08-11 05:16:47 +0000  Entitlements for <IDEDistributionItem: 0x600022e8d680; bundleID='org.cocoapods.RealmSwift', path='<DVTFilePath:0x60001afd2b50:'/Users/songeuna/Library/Developer/Xcode/Archives/2025-08-11/CheckAttend 8-11-25, 2.15 PM.xcarchive/Products/Applications/CheckAttend.app/Frameworks/RealmSwift.framework'>', codeSigningInfo='<_DVTCodeSigningInformation_Path: 0x60002229fcf0; isSigned='1', isAdHocSigned='0', signingCertificate='<DVTSigningCertificate: 0x60000f12df80; name='Apple Distribution: Homeplus (BUQ8UP3ZV9)', hash='9D5137A4D7E983B82C9963D848F41C12A0202F01', serialNumber='965DC6E80ED112AEC2E8D39D7FD129F', certificateKinds='(
    "1.2.840.113635.100.6.1.7",
    "1.2.840.113635.100.6.1.4"
), issueDate='2025-03-31 04:12:47 +0000''>', entitlements='(null)', teamID='BUQ8UP3ZV9', identifier='org.cocoapods.RealmSwift', executablePath='<DVTFilePath:0x60001e1d0960:'/Users/songeuna/Library/Developer/Xcode/Archives/2025-08-11/CheckAttend 8-11-25, 2.15 PM.xcarchive/Products/Applications/CheckAttend.app/Frameworks/RealmSwift.framework/RealmSwift'>', hardenedRuntime='0'>'> are: {
}
2025-08-11 05:16:47 +0000  Writing entitlements for <IDEDistributionItem: 0x600022e8d680; bundleID='org.cocoapods.RealmSwift', path='<DVTFilePath:0x60001afd2b50:'/Users/songeuna/Library/Developer/Xcode/Archives/2025-08-11/CheckAttend 8-11-25, 2.15 PM.xcarchive/Products/Applications/CheckAttend.app/Frameworks/RealmSwift.framework'>', codeSigningInfo='<_DVTCodeSigningInformation_Path: 0x60002229fcf0; isSigned='1', isAdHocSigned='0', signingCertificate='<DVTSigningCertificate: 0x60000f12fd80; name='Apple Distribution: Homeplus (BUQ8UP3ZV9)', hash='9D5137A4D7E983B82C9963D848F41C12A0202F01', serialNumber='965DC6E80ED112AEC2E8D39D7FD129F', certificateKinds='(
    "1.2.840.113635.100.6.1.7",
    "1.2.840.113635.100.6.1.4"
), issueDate='2025-03-31 04:12:47 +0000''>', entitlements='(null)', teamID='BUQ8UP3ZV9', identifier='org.cocoapods.RealmSwift', executablePath='<DVTFilePath:0x60001e1d0960:'/Users/songeuna/Library/Developer/Xcode/Archives/2025-08-11/CheckAttend 8-11-25, 2.15 PM.xcarchive/Products/Applications/CheckAttend.app/Frameworks/RealmSwift.framework/RealmSwift'>', hardenedRuntime='0'>'> to: /var/folders/t1/yt8x3g256mg03r6g9038sjcr0000gn/T/XcodeDistPipeline.~~~JmeNkz/entitlements~~~bFZo1Q
2025-08-11 05:16:47 +0000  invoking codesign: <NSConcreteTask: 0x600022225630; launchPath='/usr/bin/codesign', arguments='(
    "-f",
    "-s",
    9D5137A4D7E983B82C9963D848F41C12A0202F01,
    "--entitlements",
    "/var/folders/t1/yt8x3g256mg03r6g9038sjcr0000gn/T/XcodeDistPipeline.~~~JmeNkz/entitlements~~~bFZo1Q",
    "--preserve-metadata=identifier,flags,runtime",
    "--generate-entitlement-der",
    "--strip-disallowed-xattrs",
    "-vvv",
    "/var/folders/t1/yt8x3g256mg03r6g9038sjcr0000gn/T/XcodeDistPipeline.~~~JmeNkz/Root/Payload/CheckAttend.app/Frameworks/RealmSwift.framework"
)'>
2025-08-11 05:16:47 +0000  codesign output: /var/folders/t1/yt8x3g256mg03r6g9038sjcr0000gn/T/XcodeDistPipeline.~~~JmeNkz/Root/Payload/CheckAttend.app/Frameworks/RealmSwift.framework: replacing existing signature
/var/folders/t1/yt8x3g256mg03r6g9038sjcr0000gn/T/XcodeDistPipeline.~~~JmeNkz/Root/Payload/CheckAttend.app/Frameworks/RealmSwift.framework: signed bundle with Mach-O thin (arm64) [org.cocoapods.RealmSwift]
2025-08-11 05:16:47 +0000  Entitlements for <IDEDistributionItem: 0x600022e8c300; bundleID='com.sea.attend', path='<DVTFilePath:0x60001e03cf00:'/Users/songeuna/Library/Developer/Xcode/Archives/2025-08-11/CheckAttend 8-11-25, 2.15 PM.xcarchive/Products/Applications/CheckAttend.app'>', codeSigningInfo='<_DVTCodeSigningInformation_Path: 0x60002229c960; isSigned='1', isAdHocSigned='0', signingCertificate='<DVTSigningCertificate: 0x60000f12cfc0; name='Apple Distribution: Homeplus (BUQ8UP3ZV9)', hash='9D5137A4D7E983B82C9963D848F41C12A0202F01', serialNumber='965DC6E80ED112AEC2E8D39D7FD129F', certificateKinds='(
    "1.2.840.113635.100.6.1.7",
    "1.2.840.113635.100.6.1.4"
), issueDate='2025-03-31 04:12:47 +0000''>', entitlements='{
    "application-identifier" = "BUQ8UP3ZV9.com.sea.attend";
    "com.apple.developer.team-identifier" = BUQ8UP3ZV9;
    "get-task-allow" = 0;
}', teamID='BUQ8UP3ZV9', identifier='com.sea.attend', executablePath='<DVTFilePath:0x600022e751a0:'/Users/songeuna/Library/Developer/Xcode/Archives/2025-08-11/CheckAttend 8-11-25, 2.15 PM.xcarchive/Products/Applications/CheckAttend.app/CheckAttend'>', hardenedRuntime='0'>'>: {
    "application-identifier" = "BUQ8UP3ZV9.com.sea.attend";
    "com.apple.developer.team-identifier" = BUQ8UP3ZV9;
    "get-task-allow" = 0;
}
2025-08-11 05:16:47 +0000  Associated App Clip Identifiers Filter: Skipping because "com.apple.developer.associated-appclip-app-identifiers" is not present
2025-08-11 05:16:47 +0000  Entitlements for <IDEDistributionItem: 0x600022e8c300; bundleID='com.sea.attend', path='<DVTFilePath:0x60001e03cf00:'/Users/songeuna/Library/Developer/Xcode/Archives/2025-08-11/CheckAttend 8-11-25, 2.15 PM.xcarchive/Products/Applications/CheckAttend.app'>', codeSigningInfo='<_DVTCodeSigningInformation_Path: 0x60002229c960; isSigned='1', isAdHocSigned='0', signingCertificate='<DVTSigningCertificate: 0x60000f12cb40; name='Apple Distribution: Homeplus (BUQ8UP3ZV9)', hash='9D5137A4D7E983B82C9963D848F41C12A0202F01', serialNumber='965DC6E80ED112AEC2E8D39D7FD129F', certificateKinds='(
    "1.2.840.113635.100.6.1.7",
    "1.2.840.113635.100.6.1.4"
), issueDate='2025-03-31 04:12:47 +0000''>', entitlements='{
    "application-identifier" = "BUQ8UP3ZV9.com.sea.attend";
    "com.apple.developer.team-identifier" = BUQ8UP3ZV9;
    "get-task-allow" = 0;
}', teamID='BUQ8UP3ZV9', identifier='com.sea.attend', executablePath='<DVTFilePath:0x600022e751a0:'/Users/songeuna/Library/Developer/Xcode/Archives/2025-08-11/CheckAttend 8-11-25, 2.15 PM.xcarchive/Products/Applications/CheckAttend.app/CheckAttend'>', hardenedRuntime='0'>'> are: {
    "application-identifier" = "BUQ8UP3ZV9.com.sea.attend";
    "com.apple.developer.team-identifier" = BUQ8UP3ZV9;
    "get-task-allow" = 0;
}
2025-08-11 05:16:47 +0000  Writing entitlements for <IDEDistributionItem: 0x600022e8c300; bundleID='com.sea.attend', path='<DVTFilePath:0x60001e03cf00:'/Users/songeuna/Library/Developer/Xcode/Archives/2025-08-11/CheckAttend 8-11-25, 2.15 PM.xcarchive/Products/Applications/CheckAttend.app'>', codeSigningInfo='<_DVTCodeSigningInformation_Path: 0x60002229c960; isSigned='1', isAdHocSigned='0', signingCertificate='<DVTSigningCertificate: 0x60000f12c9c0; name='Apple Distribution: Homeplus (BUQ8UP3ZV9)', hash='9D5137A4D7E983B82C9963D848F41C12A0202F01', serialNumber='965DC6E80ED112AEC2E8D39D7FD129F', certificateKinds='(
    "1.2.840.113635.100.6.1.7",
    "1.2.840.113635.100.6.1.4"
), issueDate='2025-03-31 04:12:47 +0000''>', entitlements='{
    "application-identifier" = "BUQ8UP3ZV9.com.sea.attend";
    "com.apple.developer.team-identifier" = BUQ8UP3ZV9;
    "get-task-allow" = 0;
}', teamID='BUQ8UP3ZV9', identifier='com.sea.attend', executablePath='<DVTFilePath:0x600022e751a0:'/Users/songeuna/Library/Developer/Xcode/Archives/2025-08-11/CheckAttend 8-11-25, 2.15 PM.xcarchive/Products/Applications/CheckAttend.app/CheckAttend'>', hardenedRuntime='0'>'> to: /var/folders/t1/yt8x3g256mg03r6g9038sjcr0000gn/T/XcodeDistPipeline.~~~JmeNkz/entitlements~~~4G3t1a
2025-08-11 05:16:47 +0000  invoking codesign: <NSConcreteTask: 0x6000223c1f90; launchPath='/usr/bin/codesign', arguments='(
    "-f",
    "-s",
    9D5137A4D7E983B82C9963D848F41C12A0202F01,
    "--entitlements",
    "/var/folders/t1/yt8x3g256mg03r6g9038sjcr0000gn/T/XcodeDistPipeline.~~~JmeNkz/entitlements~~~4G3t1a",
    "--preserve-metadata=identifier,flags,runtime",
    "--generate-entitlement-der",
    "--strip-disallowed-xattrs",
    "-vvv",
    "/var/folders/t1/yt8x3g256mg03r6g9038sjcr0000gn/T/XcodeDistPipeline.~~~JmeNkz/Root/Payload/CheckAttend.app"
)'>
2025-08-11 05:16:47 +0000  codesign output: /var/folders/t1/yt8x3g256mg03r6g9038sjcr0000gn/T/XcodeDistPipeline.~~~JmeNkz/Root/Payload/CheckAttend.app: replacing existing signature
/var/folders/t1/yt8x3g256mg03r6g9038sjcr0000gn/T/XcodeDistPipeline.~~~JmeNkz/Root/Payload/CheckAttend.app: signed app bundle with Mach-O thin (arm64) [com.sea.attend]
2025-08-11 05:16:47 +0000  Processing step: IDEDistributionZipODRItemStep
2025-08-11 05:16:47 +0000  Skipping step: IDEDistributionZipODRItemStep because it said so
2025-08-11 05:16:47 +0000  Skipping step: IDEDistributionZipODRItemStep because it said so
2025-08-11 05:16:47 +0000  Skipping step: IDEDistributionZipODRItemStep because it said so
2025-08-11 05:16:47 +0000  Processing step: IDEDistributionCreateIPAStep
2025-08-11 05:16:47 +0000  Running /usr/bin/ditto '-V' '-c' '-k' '--norsrc' '/var/folders/t1/yt8x3g256mg03r6g9038sjcr0000gn/T/XcodeDistPipeline.~~~JmeNkz/Root' '/var/folders/t1/yt8x3g256mg03r6g9038sjcr0000gn/T/XcodeDistPipeline.~~~JmeNkz/Packages/CheckAttend.ipa'
2025-08-11 05:16:47 +0000  >>> Copying /var/folders/t1/yt8x3g256mg03r6g9038sjcr0000gn/T/XcodeDistPipeline.~~~JmeNkz/Root 
2025-08-11 05:16:47 +0000  copying file ./Payload/CheckAttend.app/_CodeSignature/CodeResources ... 
2025-08-11 05:16:47 +0000  5293 bytes for ./Payload/CheckAttend.app/_CodeSignature/CodeResources
2025-08-11 05:16:47 +0000  copying file ./Payload/CheckAttend.app/manifest.plist ... 
2025-08-11 05:16:47 +0000  282 bytes for ./Payload/CheckAttend.app/manifest.plist
2025-08-11 05:16:47 +0000  copying file ./Payload/CheckAttend.app/CheckAttend ... 
2025-08-11 05:16:47 +0000  213408 bytes for ./Payload/CheckAttend.app/CheckAttend
2025-08-11 05:16:47 +0000  copying file ./Payload/CheckAttend.app/Frameworks/RealmSwift.framework/_CodeSignature/CodeResources ... 
2025-08-11 05:16:47 +0000  2348 bytes for ./Payload/CheckAttend.app/Frameworks/RealmSwift.framework/_CodeSignature/CodeResources
2025-08-11 05:16:47 +0000  copying file ./Payload/CheckAttend.app/Frameworks/RealmSwift.framework/realm_swift_privacy.bundle/PrivacyInfo.xcprivacy ... 
2025-08-11 05:16:47 +0000  373 bytes for ./Payload/CheckAttend.app/Frameworks/RealmSwift.framework/realm_swift_privacy.bundle/PrivacyInfo.xcprivacy
2025-08-11 05:16:47 +0000  copying file ./Payload/CheckAttend.app/Frameworks/RealmSwift.framework/realm_swift_privacy.bundle/Info.plist ... 
2025-08-11 05:16:47 +0000  778 bytes for ./Payload/CheckAttend.app/Frameworks/RealmSwift.framework/realm_swift_privacy.bundle/Info.plist
2025-08-11 05:16:47 +0000  copying file ./Payload/CheckAttend.app/Frameworks/RealmSwift.framework/RealmSwift ... 
2025-08-11 05:16:47 +0000  2786928 bytes for ./Payload/CheckAttend.app/Frameworks/RealmSwift.framework/RealmSwift
2025-08-11 05:16:47 +0000  copying file ./Payload/CheckAttend.app/Frameworks/RealmSwift.framework/Info.plist ... 
2025-08-11 05:16:47 +0000  783 bytes for ./Payload/CheckAttend.app/Frameworks/RealmSwift.framework/Info.plist
2025-08-11 05:16:47 +0000  copying file ./Payload/CheckAttend.app/Frameworks/Realm.framework/_CodeSignature/CodeResources ... 
2025-08-11 05:16:47 +0000  2344 bytes for ./Payload/CheckAttend.app/Frameworks/Realm.framework/_CodeSignature/CodeResources
2025-08-11 05:16:47 +0000  copying file ./Payload/CheckAttend.app/Frameworks/Realm.framework/realm_objc_privacy.bundle/PrivacyInfo.xcprivacy ... 
2025-08-11 05:16:47 +0000  812 bytes for ./Payload/CheckAttend.app/Frameworks/Realm.framework/realm_objc_privacy.bundle/PrivacyInfo.xcprivacy
2025-08-11 05:16:47 +0000  copying file ./Payload/CheckAttend.app/Frameworks/Realm.framework/realm_objc_privacy.bundle/Info.plist ... 
2025-08-11 05:16:47 +0000  776 bytes for ./Payload/CheckAttend.app/Frameworks/Realm.framework/realm_objc_privacy.bundle/Info.plist
2025-08-11 05:16:47 +0000  copying file ./Payload/CheckAttend.app/Frameworks/Realm.framework/Info.plist ... 
2025-08-11 05:16:47 +0000  773 bytes for ./Payload/CheckAttend.app/Frameworks/Realm.framework/Info.plist
2025-08-11 05:16:47 +0000  copying file ./Payload/CheckAttend.app/Frameworks/Realm.framework/Realm ... 
2025-08-11 05:16:48 +0000  9163632 bytes for ./Payload/CheckAttend.app/Frameworks/Realm.framework/Realm
2025-08-11 05:16:48 +0000  copying file ./Payload/CheckAttend.app/embedded.mobileprovision ... 
2025-08-11 05:16:48 +0000  12533 bytes for ./Payload/CheckAttend.app/embedded.mobileprovision
2025-08-11 05:16:48 +0000  copying file ./Payload/CheckAttend.app/Info.plist ... 
2025-08-11 05:16:48 +0000  1329 bytes for ./Payload/CheckAttend.app/Info.plist
2025-08-11 05:16:48 +0000  copying file ./Payload/CheckAttend.app/PkgInfo ... 
2025-08-11 05:16:48 +0000  8 bytes for ./Payload/CheckAttend.app/PkgInfo
2025-08-11 05:16:48 +0000  /usr/bin/ditto exited with 0
2025-08-11 05:16:48 +0000  Processing step: IDEDistributionAppStoreInformationStep
2025-08-11 05:16:48 +0000  Skipping step: IDEDistributionAppStoreInformationStep because it said so
2025-08-11 05:16:48 +0000  Processing step: IDEDistributionGenerateProcessedDistributionItems
2025-08-11 05:16:48 +0000  IDEDistributionItem init <DVTFilePath:0x60001e1e0240:'/var/folders/t1/yt8x3g256mg03r6g9038sjcr0000gn/T/XcodeDistPipeline.~~~JmeNkz/Root/Payload/CheckAttend.app/Frameworks/Realm.framework'>
2025-08-11 05:16:48 +0000  IDEDistributionItem init <DVTFilePath:0x60001ac860d0:'/var/folders/t1/yt8x3g256mg03r6g9038sjcr0000gn/T/XcodeDistPipeline.~~~JmeNkz/Root/Payload/CheckAttend.app/Frameworks/RealmSwift.framework'>
2025-08-11 05:16:48 +0000  IDEDistributionItem init <DVTFilePath:0x6000260ef1e0:'/var/folders/t1/yt8x3g256mg03r6g9038sjcr0000gn/T/XcodeDistPipeline.~~~JmeNkz/Root/Payload/CheckAttend.app'>
2025-08-11 05:16:48 +0000  Processing step: IDEDistributionCreateManifestStep
